<?xml version="1.0" encoding="UTF-8"?>
<testng-results ignored="2" total="10" passed="6" failed="2" skipped="0">
  <reporter-output>
  </reporter-output>
  <suite started-at="2023-03-08T16:29:48 IST" name="Suite" finished-at="2023-03-08T16:31:11 IST" duration-ms="83506">
    <groups>
      <group name="regression">
        <method signature="HomePageTestcases.verifyPageTitlePage()[pri:0, instance:com.esign.testcases.HomePageTestcases@46944ca9]" name="verifyPageTitlePage" class="com.esign.testcases.HomePageTestcases"/>
        <method signature="LoginPageTestcases.clickOnSignUpButton()[pri:0, instance:com.esign.testcases.LoginPageTestcases@43f82e78]" name="clickOnSignUpButton" class="com.esign.testcases.LoginPageTestcases"/>
        <method signature="HomePageTestcases.visiblityOfSigUpJioSignAccountButtonTest()[pri:1, instance:com.esign.testcases.HomePageTestcases@46944ca9]" name="visiblityOfSigUpJioSignAccountButtonTest" class="com.esign.testcases.HomePageTestcases"/>
        <method signature="HomePageTestcases.clickOnSignUpButton()[pri:2, instance:com.esign.testcases.HomePageTestcases@46944ca9]" name="clickOnSignUpButton" class="com.esign.testcases.HomePageTestcases"/>
        <method signature="HomePageTestcases.verifyPageTitlePage()[pri:0, instance:com.esign.testcases.HomePageTestcases@eda25e5]" name="verifyPageTitlePage" class="com.esign.testcases.HomePageTestcases"/>
        <method signature="LoginPageTestcases.clickOnSignUpButton()[pri:0, instance:com.esign.testcases.LoginPageTestcases@7cf6a5f9]" name="clickOnSignUpButton" class="com.esign.testcases.LoginPageTestcases"/>
        <method signature="HomePageTestcases.visiblityOfSigUpJioSignAccountButtonTest()[pri:1, instance:com.esign.testcases.HomePageTestcases@eda25e5]" name="visiblityOfSigUpJioSignAccountButtonTest" class="com.esign.testcases.HomePageTestcases"/>
        <method signature="HomePageTestcases.clickOnSignUpButton()[pri:2, instance:com.esign.testcases.HomePageTestcases@eda25e5]" name="clickOnSignUpButton" class="com.esign.testcases.HomePageTestcases"/>
      </group> <!-- regression -->
      <group name="sanity">
        <method signature="LoginPageTestcases.clickOnSignUpButton()[pri:0, instance:com.esign.testcases.LoginPageTestcases@43f82e78]" name="clickOnSignUpButton" class="com.esign.testcases.LoginPageTestcases"/>
        <method signature="HomePageTestcases.clickOnSignUpButton()[pri:2, instance:com.esign.testcases.HomePageTestcases@46944ca9]" name="clickOnSignUpButton" class="com.esign.testcases.HomePageTestcases"/>
        <method signature="LoginPageTestcases.clickOnSignUpButton()[pri:0, instance:com.esign.testcases.LoginPageTestcases@7cf6a5f9]" name="clickOnSignUpButton" class="com.esign.testcases.LoginPageTestcases"/>
        <method signature="HomePageTestcases.clickOnSignUpButton()[pri:2, instance:com.esign.testcases.HomePageTestcases@eda25e5]" name="clickOnSignUpButton" class="com.esign.testcases.HomePageTestcases"/>
      </group> <!-- sanity -->
    </groups>
    <test started-at="2023-03-08T16:29:48 IST" name="ChromeTest" finished-at="2023-03-08T16:30:54 IST" duration-ms="66011">
      <class name="com.esign.testcases.LoginPageTestcases">
        <test-method is-config="true" signature="intilization(java.lang.String)[pri:0, instance:com.esign.testcases.LoginPageTestcases@43f82e78]" started-at="2023-03-08T16:29:48 IST" name="intilization" finished-at="2023-03-08T16:30:02 IST" duration-ms="14292" status="PASS">
          <params>
            <param index="0">
              <value>
                <![CDATA[chrome]]>
              </value>
            </param>
          </params>
          <reporter-output>
          </reporter-output>
        </test-method> <!-- intilization -->
        <test-method is-config="true" signature="name(java.lang.String)[pri:0, instance:com.esign.testcases.LoginPageTestcases@43f82e78]" started-at="2023-03-08T16:30:02 IST" name="name" finished-at="2023-03-08T16:30:12 IST" duration-ms="10357" status="PASS">
          <params>
            <param index="0">
              <value>
                <![CDATA[chrome]]>
              </value>
            </param>
          </params>
          <reporter-output>
          </reporter-output>
        </test-method> <!-- name -->
        <test-method signature="clickOnSignUpButton()[pri:0, instance:com.esign.testcases.LoginPageTestcases@43f82e78]" started-at="2023-03-08T16:30:12 IST" name="clickOnSignUpButton" finished-at="2023-03-08T16:30:15 IST" duration-ms="2936" status="PASS">
          <reporter-output>
          </reporter-output>
        </test-method> <!-- clickOnSignUpButton -->
        <test-method is-config="true" signature="tearDown()[pri:0, instance:com.esign.testcases.LoginPageTestcases@43f82e78]" started-at="2023-03-08T16:30:15 IST" name="tearDown" finished-at="2023-03-08T16:30:16 IST" duration-ms="180" status="PASS">
          <reporter-output>
          </reporter-output>
        </test-method> <!-- tearDown -->
        <test-method is-config="true" signature="teardown()[pri:0, instance:com.esign.testcases.LoginPageTestcases@43f82e78]" started-at="2023-03-08T16:30:16 IST" name="teardown" finished-at="2023-03-08T16:30:17 IST" duration-ms="986" status="PASS">
          <reporter-output>
          </reporter-output>
        </test-method> <!-- teardown -->
      </class> <!-- com.esign.testcases.LoginPageTestcases -->
      <class name="com.esign.testcases.HomePageTestcases">
        <test-method is-config="true" signature="intilization(java.lang.String)[pri:0, instance:com.esign.testcases.HomePageTestcases@46944ca9]" started-at="2023-03-08T16:30:17 IST" name="intilization" finished-at="2023-03-08T16:30:23 IST" duration-ms="6778" status="PASS">
          <params>
            <param index="0">
              <value>
                <![CDATA[chrome]]>
              </value>
            </param>
          </params>
          <reporter-output>
          </reporter-output>
        </test-method> <!-- intilization -->
        <test-method is-config="true" signature="name(java.lang.String)[pri:0, instance:com.esign.testcases.HomePageTestcases@46944ca9]" started-at="2023-03-08T16:30:23 IST" name="name" finished-at="2023-03-08T16:30:32 IST" duration-ms="8319" status="PASS">
          <params>
            <param index="0">
              <value>
                <![CDATA[chrome]]>
              </value>
            </param>
          </params>
          <reporter-output>
          </reporter-output>
        </test-method> <!-- name -->
        <test-method signature="verifyPageTitlePage()[pri:0, instance:com.esign.testcases.HomePageTestcases@46944ca9]" started-at="2023-03-08T16:30:32 IST" name="verifyPageTitlePage" finished-at="2023-03-08T16:30:32 IST" duration-ms="39" status="FAIL">
          <exception class="java.lang.AssertionError">
            <message>
              <![CDATA[expected [JioSign] but found [Jio Sign]]]>
            </message>
            <full-stacktrace>
              <![CDATA[java.lang.AssertionError: expected [JioSign] but found [Jio Sign]
at org.testng.Assert.fail(Assert.java:110)
at org.testng.Assert.failNotEquals(Assert.java:1413)
at org.testng.Assert.assertEqualsImpl(Assert.java:149)
at org.testng.Assert.assertEquals(Assert.java:131)
at org.testng.Assert.assertEquals(Assert.java:655)
at org.testng.Assert.assertEquals(Assert.java:665)
at com.esign.testcases.HomePageTestcases.verifyPageTitlePage(HomePageTestcases.java:35)
at java.base/jdk.internal.reflect.NativeMethodAccessorImpl.invoke0(Native Method)
at java.base/jdk.internal.reflect.NativeMethodAccessorImpl.invoke(NativeMethodAccessorImpl.java:77)
at java.base/jdk.internal.reflect.DelegatingMethodAccessorImpl.invoke(DelegatingMethodAccessorImpl.java:43)
at java.base/java.lang.reflect.Method.invoke(Method.java:568)
at org.testng.internal.invokers.MethodInvocationHelper.invokeMethod(MethodInvocationHelper.java:139)
at org.testng.internal.invokers.TestInvoker.invokeMethod(TestInvoker.java:677)
at org.testng.internal.invokers.TestInvoker.invokeTestMethod(TestInvoker.java:221)
at org.testng.internal.invokers.MethodRunner.runInSequence(MethodRunner.java:50)
at org.testng.internal.invokers.TestInvoker$MethodInvocationAgent.invoke(TestInvoker.java:969)
at org.testng.internal.invokers.TestInvoker.invokeTestMethods(TestInvoker.java:194)
at org.testng.internal.invokers.TestMethodWorker.invokeTestMethods(TestMethodWorker.java:148)
at org.testng.internal.invokers.TestMethodWorker.run(TestMethodWorker.java:128)
at java.base/java.util.ArrayList.forEach(ArrayList.java:1511)
at org.testng.TestRunner.privateRun(TestRunner.java:829)
at org.testng.TestRunner.run(TestRunner.java:602)
at org.testng.SuiteRunner.runTest(SuiteRunner.java:437)
at org.testng.SuiteRunner$SuiteWorker.run(SuiteRunner.java:475)
at org.testng.internal.thread.ThreadUtil.lambda$execute$0(ThreadUtil.java:58)
at java.base/java.util.concurrent.FutureTask.run(FutureTask.java:264)
at java.base/java.util.concurrent.ThreadPoolExecutor.runWorker(ThreadPoolExecutor.java:1136)
at java.base/java.util.concurrent.ThreadPoolExecutor$Worker.run(ThreadPoolExecutor.java:635)
at java.base/java.lang.Thread.run(Thread.java:833)
]]>
            </full-stacktrace>
          </exception> <!-- java.lang.AssertionError -->
          <reporter-output>
          </reporter-output>
        </test-method> <!-- verifyPageTitlePage -->
        <test-method is-config="true" signature="tearDown()[pri:0, instance:com.esign.testcases.HomePageTestcases@46944ca9]" started-at="2023-03-08T16:30:32 IST" name="tearDown" finished-at="2023-03-08T16:30:32 IST" duration-ms="184" status="PASS">
          <reporter-output>
          </reporter-output>
        </test-method> <!-- tearDown -->
        <test-method is-config="true" signature="name(java.lang.String)[pri:0, instance:com.esign.testcases.HomePageTestcases@46944ca9]" started-at="2023-03-08T16:30:32 IST" name="name" finished-at="2023-03-08T16:30:40 IST" duration-ms="7693" status="PASS">
          <params>
            <param index="0">
              <value>
                <![CDATA[chrome]]>
              </value>
            </param>
          </params>
          <reporter-output>
          </reporter-output>
        </test-method> <!-- name -->
        <test-method signature="visiblityOfSigUpJioSignAccountButtonTest()[pri:1, instance:com.esign.testcases.HomePageTestcases@46944ca9]" started-at="2023-03-08T16:30:40 IST" name="visiblityOfSigUpJioSignAccountButtonTest" finished-at="2023-03-08T16:30:41 IST" duration-ms="1418" status="PASS">
          <reporter-output>
          </reporter-output>
        </test-method> <!-- visiblityOfSigUpJioSignAccountButtonTest -->
        <test-method is-config="true" signature="tearDown()[pri:0, instance:com.esign.testcases.HomePageTestcases@46944ca9]" started-at="2023-03-08T16:30:41 IST" name="tearDown" finished-at="2023-03-08T16:30:42 IST" duration-ms="415" status="PASS">
          <reporter-output>
          </reporter-output>
        </test-method> <!-- tearDown -->
        <test-method is-config="true" signature="name(java.lang.String)[pri:0, instance:com.esign.testcases.HomePageTestcases@46944ca9]" started-at="2023-03-08T16:30:42 IST" name="name" finished-at="2023-03-08T16:30:49 IST" duration-ms="6858" status="PASS">
          <params>
            <param index="0">
              <value>
                <![CDATA[chrome]]>
              </value>
            </param>
          </params>
          <reporter-output>
          </reporter-output>
        </test-method> <!-- name -->
        <test-method signature="clickOnSignUpButton()[pri:2, instance:com.esign.testcases.HomePageTestcases@46944ca9]" started-at="2023-03-08T16:30:49 IST" name="clickOnSignUpButton" finished-at="2023-03-08T16:30:52 IST" duration-ms="3745" status="PASS">
          <reporter-output>
          </reporter-output>
        </test-method> <!-- clickOnSignUpButton -->
        <test-method is-config="true" signature="tearDown()[pri:0, instance:com.esign.testcases.HomePageTestcases@46944ca9]" started-at="2023-03-08T16:30:52 IST" name="tearDown" finished-at="2023-03-08T16:30:53 IST" duration-ms="310" status="PASS">
          <reporter-output>
          </reporter-output>
        </test-method> <!-- tearDown -->
        <test-method is-config="true" signature="teardown()[pri:0, instance:com.esign.testcases.HomePageTestcases@46944ca9]" started-at="2023-03-08T16:30:53 IST" name="teardown" finished-at="2023-03-08T16:30:54 IST" duration-ms="1080" status="PASS">
          <reporter-output>
          </reporter-output>
        </test-method> <!-- teardown -->
      </class> <!-- com.esign.testcases.HomePageTestcases -->
    </test> <!-- ChromeTest -->
    <test started-at="2023-03-08T16:29:48 IST" name="EdgeTest" finished-at="2023-03-08T16:31:11 IST" duration-ms="83506">
      <class name="com.esign.testcases.LoginPageTestcases">
        <test-method is-config="true" signature="intilization(java.lang.String)[pri:0, instance:com.esign.testcases.LoginPageTestcases@7cf6a5f9]" started-at="2023-03-08T16:29:48 IST" name="intilization" finished-at="2023-03-08T16:30:04 IST" duration-ms="16281" status="PASS">
          <params>
            <param index="0">
              <value>
                <![CDATA[edge]]>
              </value>
            </param>
          </params>
          <reporter-output>
          </reporter-output>
        </test-method> <!-- intilization -->
        <test-method is-config="true" signature="name(java.lang.String)[pri:0, instance:com.esign.testcases.LoginPageTestcases@7cf6a5f9]" started-at="2023-03-08T16:30:04 IST" name="name" finished-at="2023-03-08T16:30:17 IST" duration-ms="13109" status="PASS">
          <params>
            <param index="0">
              <value>
                <![CDATA[edge]]>
              </value>
            </param>
          </params>
          <reporter-output>
          </reporter-output>
        </test-method> <!-- name -->
        <test-method signature="clickOnSignUpButton()[pri:0, instance:com.esign.testcases.LoginPageTestcases@7cf6a5f9]" started-at="2023-03-08T16:30:17 IST" name="clickOnSignUpButton" finished-at="2023-03-08T16:30:20 IST" duration-ms="3178" status="PASS">
          <reporter-output>
          </reporter-output>
        </test-method> <!-- clickOnSignUpButton -->
        <test-method is-config="true" signature="tearDown()[pri:0, instance:com.esign.testcases.LoginPageTestcases@7cf6a5f9]" started-at="2023-03-08T16:30:20 IST" name="tearDown" finished-at="2023-03-08T16:30:21 IST" duration-ms="258" status="PASS">
          <reporter-output>
          </reporter-output>
        </test-method> <!-- tearDown -->
        <test-method is-config="true" signature="teardown()[pri:0, instance:com.esign.testcases.LoginPageTestcases@7cf6a5f9]" started-at="2023-03-08T16:30:21 IST" name="teardown" finished-at="2023-03-08T16:30:22 IST" duration-ms="1577" status="PASS">
          <reporter-output>
          </reporter-output>
        </test-method> <!-- teardown -->
      </class> <!-- com.esign.testcases.LoginPageTestcases -->
      <class name="com.esign.testcases.HomePageTestcases">
        <test-method is-config="true" signature="loadLogs()[pri:0, instance:com.esign.testcases.HomePageTestcases@eda25e5]" started-at="2023-03-08T16:29:48 IST" name="loadLogs" finished-at="2023-03-08T16:29:48 IST" duration-ms="94" status="PASS">
          <reporter-output>
          </reporter-output>
        </test-method> <!-- loadLogs -->
        <test-method is-config="true" signature="intilization(java.lang.String)[pri:0, instance:com.esign.testcases.HomePageTestcases@eda25e5]" started-at="2023-03-08T16:30:22 IST" name="intilization" finished-at="2023-03-08T16:30:35 IST" duration-ms="12713" status="PASS">
          <params>
            <param index="0">
              <value>
                <![CDATA[edge]]>
              </value>
            </param>
          </params>
          <reporter-output>
          </reporter-output>
        </test-method> <!-- intilization -->
        <test-method is-config="true" signature="name(java.lang.String)[pri:0, instance:com.esign.testcases.HomePageTestcases@eda25e5]" started-at="2023-03-08T16:30:35 IST" name="name" finished-at="2023-03-08T16:30:46 IST" duration-ms="10979" status="PASS">
          <params>
            <param index="0">
              <value>
                <![CDATA[edge]]>
              </value>
            </param>
          </params>
          <reporter-output>
          </reporter-output>
        </test-method> <!-- name -->
        <test-method signature="verifyPageTitlePage()[pri:0, instance:com.esign.testcases.HomePageTestcases@eda25e5]" started-at="2023-03-08T16:30:46 IST" name="verifyPageTitlePage" finished-at="2023-03-08T16:30:46 IST" duration-ms="16" status="FAIL">
          <exception class="java.lang.AssertionError">
            <message>
              <![CDATA[expected [JioSign] but found [Jio Sign]]]>
            </message>
            <full-stacktrace>
              <![CDATA[java.lang.AssertionError: expected [JioSign] but found [Jio Sign]
at org.testng.Assert.fail(Assert.java:110)
at org.testng.Assert.failNotEquals(Assert.java:1413)
at org.testng.Assert.assertEqualsImpl(Assert.java:149)
at org.testng.Assert.assertEquals(Assert.java:131)
at org.testng.Assert.assertEquals(Assert.java:655)
at org.testng.Assert.assertEquals(Assert.java:665)
at com.esign.testcases.HomePageTestcases.verifyPageTitlePage(HomePageTestcases.java:35)
at java.base/jdk.internal.reflect.NativeMethodAccessorImpl.invoke0(Native Method)
at java.base/jdk.internal.reflect.NativeMethodAccessorImpl.invoke(NativeMethodAccessorImpl.java:77)
at java.base/jdk.internal.reflect.DelegatingMethodAccessorImpl.invoke(DelegatingMethodAccessorImpl.java:43)
at java.base/java.lang.reflect.Method.invoke(Method.java:568)
at org.testng.internal.invokers.MethodInvocationHelper.invokeMethod(MethodInvocationHelper.java:139)
at org.testng.internal.invokers.TestInvoker.invokeMethod(TestInvoker.java:677)
at org.testng.internal.invokers.TestInvoker.invokeTestMethod(TestInvoker.java:221)
at org.testng.internal.invokers.MethodRunner.runInSequence(MethodRunner.java:50)
at org.testng.internal.invokers.TestInvoker$MethodInvocationAgent.invoke(TestInvoker.java:969)
at org.testng.internal.invokers.TestInvoker.invokeTestMethods(TestInvoker.java:194)
at org.testng.internal.invokers.TestMethodWorker.invokeTestMethods(TestMethodWorker.java:148)
at org.testng.internal.invokers.TestMethodWorker.run(TestMethodWorker.java:128)
at java.base/java.util.ArrayList.forEach(ArrayList.java:1511)
at org.testng.TestRunner.privateRun(TestRunner.java:829)
at org.testng.TestRunner.run(TestRunner.java:602)
at org.testng.SuiteRunner.runTest(SuiteRunner.java:437)
at org.testng.SuiteRunner$SuiteWorker.run(SuiteRunner.java:475)
at org.testng.internal.thread.ThreadUtil.lambda$execute$0(ThreadUtil.java:58)
at java.base/java.util.concurrent.FutureTask.run(FutureTask.java:264)
at java.base/java.util.concurrent.ThreadPoolExecutor.runWorker(ThreadPoolExecutor.java:1136)
at java.base/java.util.concurrent.ThreadPoolExecutor$Worker.run(ThreadPoolExecutor.java:635)
at java.base/java.lang.Thread.run(Thread.java:833)
]]>
            </full-stacktrace>
          </exception> <!-- java.lang.AssertionError -->
          <reporter-output>
          </reporter-output>
        </test-method> <!-- verifyPageTitlePage -->
        <test-method is-config="true" signature="tearDown()[pri:0, instance:com.esign.testcases.HomePageTestcases@eda25e5]" started-at="2023-03-08T16:30:46 IST" name="tearDown" finished-at="2023-03-08T16:30:46 IST" duration-ms="204" status="PASS">
          <reporter-output>
          </reporter-output>
        </test-method> <!-- tearDown -->
        <test-method is-config="true" signature="name(java.lang.String)[pri:0, instance:com.esign.testcases.HomePageTestcases@eda25e5]" started-at="2023-03-08T16:30:46 IST" name="name" finished-at="2023-03-08T16:30:56 IST" duration-ms="9155" status="PASS">
          <params>
            <param index="0">
              <value>
                <![CDATA[edge]]>
              </value>
            </param>
          </params>
          <reporter-output>
          </reporter-output>
        </test-method> <!-- name -->
        <test-method signature="visiblityOfSigUpJioSignAccountButtonTest()[pri:1, instance:com.esign.testcases.HomePageTestcases@eda25e5]" started-at="2023-03-08T16:30:56 IST" name="visiblityOfSigUpJioSignAccountButtonTest" finished-at="2023-03-08T16:30:56 IST" duration-ms="841" status="PASS">
          <reporter-output>
          </reporter-output>
        </test-method> <!-- visiblityOfSigUpJioSignAccountButtonTest -->
        <test-method is-config="true" signature="tearDown()[pri:0, instance:com.esign.testcases.HomePageTestcases@eda25e5]" started-at="2023-03-08T16:30:56 IST" name="tearDown" finished-at="2023-03-08T16:30:57 IST" duration-ms="265" status="PASS">
          <reporter-output>
          </reporter-output>
        </test-method> <!-- tearDown -->
        <test-method is-config="true" signature="name(java.lang.String)[pri:0, instance:com.esign.testcases.HomePageTestcases@eda25e5]" started-at="2023-03-08T16:30:57 IST" name="name" finished-at="2023-03-08T16:31:06 IST" duration-ms="9084" status="PASS">
          <params>
            <param index="0">
              <value>
                <![CDATA[edge]]>
              </value>
            </param>
          </params>
          <reporter-output>
          </reporter-output>
        </test-method> <!-- name -->
        <test-method signature="clickOnSignUpButton()[pri:2, instance:com.esign.testcases.HomePageTestcases@eda25e5]" started-at="2023-03-08T16:31:06 IST" name="clickOnSignUpButton" finished-at="2023-03-08T16:31:09 IST" duration-ms="3633" status="PASS">
          <reporter-output>
          </reporter-output>
        </test-method> <!-- clickOnSignUpButton -->
        <test-method is-config="true" signature="tearDown()[pri:0, instance:com.esign.testcases.HomePageTestcases@eda25e5]" started-at="2023-03-08T16:31:09 IST" name="tearDown" finished-at="2023-03-08T16:31:10 IST" duration-ms="406" status="PASS">
          <reporter-output>
          </reporter-output>
        </test-method> <!-- tearDown -->
        <test-method is-config="true" signature="teardown()[pri:0, instance:com.esign.testcases.HomePageTestcases@eda25e5]" started-at="2023-03-08T16:31:10 IST" name="teardown" finished-at="2023-03-08T16:31:11 IST" duration-ms="1462" status="PASS">
          <reporter-output>
          </reporter-output>
        </test-method> <!-- teardown -->
      </class> <!-- com.esign.testcases.HomePageTestcases -->
    </test> <!-- EdgeTest -->
  </suite> <!-- Suite -->
</testng-results>
