<?xml version="1.0" encoding="UTF-8"?>
<!-- Generated by org.testng.reporters.JUnitXMLReporter -->
<testsuite ignored="1" hostname="LT0145657" failures="1" tests="4" name="ChromeTest" time="66.011" errors="0" timestamp="2023-03-08T16:30:55 IST">
  <testcase classname="com.esign.testcases.LoginPageTestcases" name="clickOnSignUpButton" time="2.936"/>
  <testcase classname="com.esign.testcases.HomePageTestcases" name="verifyPageTitlePage" time="0.039">
    <failure type="java.lang.AssertionError" message="expected [JioSign] but found [Jio Sign]">
      <![CDATA[java.lang.AssertionError: expected [JioSign] but found [Jio Sign]
at com.esign.testcases.HomePageTestcases.verifyPageTitlePage(HomePageTestcases.java:35)
at java.base/java.util.ArrayList.forEach(ArrayList.java:1511)
at java.base/java.util.concurrent.FutureTask.run(FutureTask.java:264)
at java.base/java.util.concurrent.ThreadPoolExecutor.runWorker(ThreadPoolExecutor.java:1136)
at java.base/java.util.concurrent.ThreadPoolExecutor$Worker.run(ThreadPoolExecutor.java:635)
at java.base/java.lang.Thread.run(Thread.java:833)
... Removed 23 stack frames]]>
    </failure>
  </testcase> <!-- verifyPageTitlePage -->
  <testcase classname="com.esign.testcases.HomePageTestcases" name="visiblityOfSigUpJioSignAccountButtonTest" time="1.418"/>
  <testcase classname="com.esign.testcases.HomePageTestcases" name="clickOnSignUpButton" time="3.745"/>
  <testcase classname="com.esign.testcases.DriverBase" name="@BeforeSuite loadLogs" time="0.0">
    <ignored/>
  </testcase> <!-- @BeforeSuite loadLogs -->
</testsuite> <!-- ChromeTest -->
